fe80:0:0:0:41ab:2bc6:8f33:ee71%11 - - [17/Nov/2016:13:15:09 +0800] "GET /app/index HTTP/1.1" 200 14675
fe80:0:0:0:41ab:2bc6:8f33:ee71%11 - - [17/Nov/2016:13:15:09 +0800] "GET /global/layout3/img/avatar3.jpg HTTP/1.1" 404 145
fe80:0:0:0:41ab:2bc6:8f33:ee71%11 - - [17/Nov/2016:13:15:09 +0800] "GET /global/layout3/img/avatar1.jpg HTTP/1.1" 404 145
fe80:0:0:0:41ab:2bc6:8f33:ee71%11 - - [17/Nov/2016:13:15:09 +0800] "GET /global/layout3/img/avatar2.jpg HTTP/1.1" 404 145
fe80:0:0:0:41ab:2bc6:8f33:ee71%11 - - [17/Nov/2016:13:15:09 +0800] "GET /global//layout3/img/avatar3.jpg HTTP/1.1" 404 146
fe80:0:0:0:41ab:2bc6:8f33:ee71%11 - - [17/Nov/2016:13:15:09 +0800] "GET /global/plugins/font-awesome/fonts/fontawesome-webfont.woff2?v=4.6.3 HTTP/1.1" 200 71896
fe80:0:0:0:41ab:2bc6:8f33:ee71%11 - - [17/Nov/2016:13:15:09 +0800] "GET /global/plugins/simple-line-icons/fonts/Simple-Line-Icons.woff HTTP/1.1" 200 59324
fe80:0:0:0:41ab:2bc6:8f33:ee71%11 - - [17/Nov/2016:13:15:09 +0800] "POST /app/ztree HTTP/1.1" 200 -
fe80:0:0:0:41ab:2bc6:8f33:ee71%11 - - [17/Nov/2016:13:15:12 +0800] "GET /logout HTTP/1.1" 404 15217
fe80:0:0:0:41ab:2bc6:8f33:ee71%11 - - [17/Nov/2016:13:15:12 +0800] "GET /global/layout3/img/avatar2.jpg HTTP/1.1" 404 145
fe80:0:0:0:41ab:2bc6:8f33:ee71%11 - - [17/Nov/2016:13:15:12 +0800] "GET /global//layout3/img/avatar3.jpg HTTP/1.1" 404 146
fe80:0:0:0:41ab:2bc6:8f33:ee71%11 - - [17/Nov/2016:13:15:12 +0800] "GET /global/layout3/img/avatar1.jpg HTTP/1.1" 404 145
fe80:0:0:0:41ab:2bc6:8f33:ee71%11 - - [17/Nov/2016:13:15:12 +0800] "GET /global/layout3/img/avatar3.jpg HTTP/1.1" 404 145
fe80:0:0:0:41ab:2bc6:8f33:ee71%11 - - [17/Nov/2016:13:15:12 +0800] "POST /app/ztree HTTP/1.1" 200 -
fe80:0:0:0:41ab:2bc6:8f33:ee71%11 - - [17/Nov/2016:13:15:18 +0800] "GET / HTTP/1.1" 200 14675
fe80:0:0:0:41ab:2bc6:8f33:ee71%11 - - [17/Nov/2016:13:15:18 +0800] "GET /global/layout3/img/avatar2.jpg HTTP/1.1" 404 145
fe80:0:0:0:41ab:2bc6:8f33:ee71%11 - - [17/Nov/2016:13:15:18 +0800] "GET /global/layout3/img/avatar3.jpg HTTP/1.1" 404 145
fe80:0:0:0:41ab:2bc6:8f33:ee71%11 - - [17/Nov/2016:13:15:18 +0800] "GET /global//layout3/img/avatar3.jpg HTTP/1.1" 404 146
fe80:0:0:0:41ab:2bc6:8f33:ee71%11 - - [17/Nov/2016:13:15:18 +0800] "GET /global/layout3/img/avatar1.jpg HTTP/1.1" 404 145
fe80:0:0:0:41ab:2bc6:8f33:ee71%11 - - [17/Nov/2016:13:15:18 +0800] "GET /global/layout3/img/avatar2.jpg HTTP/1.1" 404 145
fe80:0:0:0:41ab:2bc6:8f33:ee71%11 - - [17/Nov/2016:13:15:18 +0800] "POST /app/ztree HTTP/1.1" 200 -
fe80:0:0:0:41ab:2bc6:8f33:ee71%11 - - [17/Nov/2016:13:15:28 +0800] "GET / HTTP/1.1" 200 14675
fe80:0:0:0:41ab:2bc6:8f33:ee71%11 - - [17/Nov/2016:13:15:28 +0800] "GET /global/layout3/img/avatar2.jpg HTTP/1.1" 404 145
fe80:0:0:0:41ab:2bc6:8f33:ee71%11 - - [17/Nov/2016:13:15:28 +0800] "GET /global//layout3/img/avatar3.jpg HTTP/1.1" 404 146
fe80:0:0:0:41ab:2bc6:8f33:ee71%11 - - [17/Nov/2016:13:15:29 +0800] "GET /global/layout3/img/avatar3.jpg HTTP/1.1" 404 145
fe80:0:0:0:41ab:2bc6:8f33:ee71%11 - - [17/Nov/2016:13:15:29 +0800] "GET /global/layout3/img/avatar1.jpg HTTP/1.1" 404 145
fe80:0:0:0:41ab:2bc6:8f33:ee71%11 - - [17/Nov/2016:13:15:29 +0800] "GET /global/layout3/img/avatar2.jpg HTTP/1.1" 404 145
fe80:0:0:0:41ab:2bc6:8f33:ee71%11 - - [17/Nov/2016:13:15:29 +0800] "GET /global//layout3/img/avatar3.jpg HTTP/1.1" 404 146
fe80:0:0:0:41ab:2bc6:8f33:ee71%11 - - [17/Nov/2016:13:15:29 +0800] "POST /app/ztree HTTP/1.1" 200 -
fe80:0:0:0:41ab:2bc6:8f33:ee71%11 - - [17/Nov/2016:13:17:25 +0800] "GET / HTTP/1.1" 200 14675
fe80:0:0:0:41ab:2bc6:8f33:ee71%11 - - [17/Nov/2016:13:17:25 +0800] "GET /global/plugins/select2/select2.min.css HTTP/1.1" 200 15197
fe80:0:0:0:41ab:2bc6:8f33:ee71%11 - - [17/Nov/2016:13:17:25 +0800] "GET /global/css/components.css HTTP/1.1" 200 329240
fe80:0:0:0:41ab:2bc6:8f33:ee71%11 - - [17/Nov/2016:13:17:25 +0800] "GET /global/layout/css/layout.css HTTP/1.1" 200 83930
fe80:0:0:0:41ab:2bc6:8f33:ee71%11 - - [17/Nov/2016:13:17:25 +0800] "GET /global/layout/css/themes/default.css HTTP/1.1" 200 42836
fe80:0:0:0:41ab:2bc6:8f33:ee71%11 - - [17/Nov/2016:13:17:25 +0800] "GET /global/plugins/jquery.min.js HTTP/1.1" 200 95790
fe80:0:0:0:41ab:2bc6:8f33:ee71%11 - - [17/Nov/2016:13:17:25 +0800] "GET /global/plugins/bootstrap/js/bootstrap.min.js HTTP/1.1" 200 37088
fe80:0:0:0:41ab:2bc6:8f33:ee71%11 - - [17/Nov/2016:13:17:25 +0800] "GET /global/plugins/simple-line-icons/simple-line-icons.min.css HTTP/1.1" 200 9562
fe80:0:0:0:41ab:2bc6:8f33:ee71%11 - - [17/Nov/2016:13:17:25 +0800] "GET /global/plugins/bootstrap-datepicker/js/bootstrap-datepicker.js HTTP/1.1" 200 48637
fe80:0:0:0:41ab:2bc6:8f33:ee71%11 - - [17/Nov/2016:13:17:25 +0800] "GET /global/plugins/bootstrap-datepicker/js/locales/bootstrap-datepicker.zh-CN.js HTTP/1.1" 200 812
fe80:0:0:0:41ab:2bc6:8f33:ee71%11 - - [17/Nov/2016:13:17:25 +0800] "GET /global/plugins/jquery.ztree.core.min.js HTTP/1.1" 200 30595
fe80:0:0:0:41ab:2bc6:8f33:ee71%11 - - [17/Nov/2016:13:17:25 +0800] "GET /global/plugins/jquery.cokie.min.js HTTP/1.1" 200 1392
fe80:0:0:0:41ab:2bc6:8f33:ee71%11 - - [17/Nov/2016:13:17:25 +0800] "GET /global/plugins/jquery-slimscroll/jquery.slimscroll.min.js HTTP/1.1" 200 5183
fe80:0:0:0:41ab:2bc6:8f33:ee71%11 - - [17/Nov/2016:13:17:25 +0800] "GET /global/plugins/layer/laypage.js HTTP/1.1" 200 7189
fe80:0:0:0:41ab:2bc6:8f33:ee71%11 - - [17/Nov/2016:13:17:25 +0800] "GET /global/plugins/layer/layer.js HTTP/1.1" 200 19821
fe80:0:0:0:41ab:2bc6:8f33:ee71%11 - - [17/Nov/2016:13:17:25 +0800] "GET /global/plugins/select2/select2.min.js HTTP/1.1" 200 66666
fe80:0:0:0:41ab:2bc6:8f33:ee71%11 - - [17/Nov/2016:13:17:25 +0800] "GET /global/plugins/font-awesome/css/font-awesome.min.css HTTP/1.1" 200 29067
fe80:0:0:0:41ab:2bc6:8f33:ee71%11 - - [17/Nov/2016:13:17:25 +0800] "GET /global/scripts/metronic.js HTTP/1.1" 200 17964
fe80:0:0:0:41ab:2bc6:8f33:ee71%11 - - [17/Nov/2016:13:17:25 +0800] "GET /global/scripts/utils.js HTTP/1.1" 200 8255
fe80:0:0:0:41ab:2bc6:8f33:ee71%11 - - [17/Nov/2016:13:17:25 +0800] "GET /global/layout/scripts/layout.js HTTP/1.1" 200 21894
fe80:0:0:0:41ab:2bc6:8f33:ee71%11 - - [17/Nov/2016:13:17:25 +0800] "GET /global/layout/scripts/themes.js HTTP/1.1" 200 8692
fe80:0:0:0:41ab:2bc6:8f33:ee71%11 - - [17/Nov/2016:13:17:25 +0800] "GET /global/plugins/bootstrap/css/bootstrap.min.css HTTP/1.1" 200 123638
fe80:0:0:0:41ab:2bc6:8f33:ee71%11 - - [17/Nov/2016:13:17:25 +0800] "GET /global/plugins/select2/select2-bootstrap.min.css HTTP/1.1" 200 15798
fe80:0:0:0:41ab:2bc6:8f33:ee71%11 - - [17/Nov/2016:13:17:25 +0800] "GET /global/plugins/bootstrap-datepicker/css/datepicker3.css HTTP/1.1" 200 34494
fe80:0:0:0:41ab:2bc6:8f33:ee71%11 - - [17/Nov/2016:13:17:25 +0800] "GET /global/layout3/img/avatar3.jpg HTTP/1.1" 404 145
fe80:0:0:0:41ab:2bc6:8f33:ee71%11 - - [17/Nov/2016:13:17:25 +0800] "GET /global/layout3/img/avatar2.jpg HTTP/1.1" 404 145
fe80:0:0:0:41ab:2bc6:8f33:ee71%11 - - [17/Nov/2016:13:17:25 +0800] "GET /global//layout3/img/avatar3.jpg HTTP/1.1" 404 146
fe80:0:0:0:41ab:2bc6:8f33:ee71%11 - - [17/Nov/2016:13:17:25 +0800] "GET /global/layout3/img/avatar1.jpg HTTP/1.1" 404 145
fe80:0:0:0:41ab:2bc6:8f33:ee71%11 - - [17/Nov/2016:13:17:25 +0800] "GET /global/layout/img/logo.png HTTP/1.1" 200 1682
fe80:0:0:0:41ab:2bc6:8f33:ee71%11 - - [17/Nov/2016:13:17:25 +0800] "GET /global/plugins/layer/skin/layer.css HTTP/1.1" 200 13977
fe80:0:0:0:41ab:2bc6:8f33:ee71%11 - - [17/Nov/2016:13:17:25 +0800] "GET /global/layout/img/sidebar_inline_toggler_icon_default.jpg HTTP/1.1" 200 1084
fe80:0:0:0:41ab:2bc6:8f33:ee71%11 - - [17/Nov/2016:13:17:25 +0800] "GET /global/layout/css/themes/grey.css HTTP/1.1" 200 43677
fe80:0:0:0:41ab:2bc6:8f33:ee71%11 - - [17/Nov/2016:13:17:25 +0800] "GET /global/layout/img/sidebar_inline_toggler_icon_grey.jpg HTTP/1.1" 200 1192
fe80:0:0:0:41ab:2bc6:8f33:ee71%11 - - [17/Nov/2016:13:17:25 +0800] "POST /app/ztree HTTP/1.1" 200 -
fe80:0:0:0:41ab:2bc6:8f33:ee71%11 - - [17/Nov/2016:13:17:26 +0800] "GET / HTTP/1.1" 200 14675
fe80:0:0:0:41ab:2bc6:8f33:ee71%11 - - [17/Nov/2016:13:17:26 +0800] "GET /global/plugins/font-awesome/css/font-awesome.min.css HTTP/1.1" 304 -
fe80:0:0:0:41ab:2bc6:8f33:ee71%11 - - [17/Nov/2016:13:17:26 +0800] "GET /global/plugins/bootstrap/css/bootstrap.min.css HTTP/1.1" 304 -
fe80:0:0:0:41ab:2bc6:8f33:ee71%11 - - [17/Nov/2016:13:17:26 +0800] "GET /global/css/components.css HTTP/1.1" 304 -
fe80:0:0:0:41ab:2bc6:8f33:ee71%11 - - [17/Nov/2016:13:17:26 +0800] "GET /global/plugins/select2/select2.min.css HTTP/1.1" 304 -
fe80:0:0:0:41ab:2bc6:8f33:ee71%11 - - [17/Nov/2016:13:17:26 +0800] "GET /global/plugins/simple-line-icons/simple-line-icons.min.css HTTP/1.1" 304 -
fe80:0:0:0:41ab:2bc6:8f33:ee71%11 - - [17/Nov/2016:13:17:26 +0800] "GET /global/plugins/select2/select2-bootstrap.min.css HTTP/1.1" 304 -
fe80:0:0:0:41ab:2bc6:8f33:ee71%11 - - [17/Nov/2016:13:17:26 +0800] "GET /global/plugins/jquery.min.js HTTP/1.1" 304 -
fe80:0:0:0:41ab:2bc6:8f33:ee71%11 - - [17/Nov/2016:13:17:26 +0800] "GET /global/layout/css/layout.css HTTP/1.1" 304 -
fe80:0:0:0:41ab:2bc6:8f33:ee71%11 - - [17/Nov/2016:13:17:26 +0800] "GET /global/layout/css/themes/default.css HTTP/1.1" 304 -
fe80:0:0:0:41ab:2bc6:8f33:ee71%11 - - [17/Nov/2016:13:17:26 +0800] "GET /global/plugins/bootstrap-datepicker/js/bootstrap-datepicker.js HTTP/1.1" 304 -
fe80:0:0:0:41ab:2bc6:8f33:ee71%11 - - [17/Nov/2016:13:17:26 +0800] "GET /global/plugins/jquery.cokie.min.js HTTP/1.1" 304 -
fe80:0:0:0:41ab:2bc6:8f33:ee71%11 - - [17/Nov/2016:13:17:26 +0800] "GET /global/plugins/jquery-slimscroll/jquery.slimscroll.min.js HTTP/1.1" 304 -
fe80:0:0:0:41ab:2bc6:8f33:ee71%11 - - [17/Nov/2016:13:17:26 +0800] "GET /global/plugins/layer/laypage.js HTTP/1.1" 304 -
fe80:0:0:0:41ab:2bc6:8f33:ee71%11 - - [17/Nov/2016:13:17:26 +0800] "GET /global/plugins/select2/select2.min.js HTTP/1.1" 304 -
fe80:0:0:0:41ab:2bc6:8f33:ee71%11 - - [17/Nov/2016:13:17:26 +0800] "GET /global/scripts/metronic.js HTTP/1.1" 304 -
fe80:0:0:0:41ab:2bc6:8f33:ee71%11 - - [17/Nov/2016:13:17:26 +0800] "GET /global/plugins/jquery.ztree.core.min.js HTTP/1.1" 304 -
fe80:0:0:0:41ab:2bc6:8f33:ee71%11 - - [17/Nov/2016:13:17:26 +0800] "GET /global/layout/scripts/layout.js HTTP/1.1" 304 -
fe80:0:0:0:41ab:2bc6:8f33:ee71%11 - - [17/Nov/2016:13:17:26 +0800] "GET /global/layout/scripts/themes.js HTTP/1.1" 304 -
fe80:0:0:0:41ab:2bc6:8f33:ee71%11 - - [17/Nov/2016:13:17:26 +0800] "GET /global/plugins/layer/layer.js HTTP/1.1" 304 -
fe80:0:0:0:41ab:2bc6:8f33:ee71%11 - - [17/Nov/2016:13:17:26 +0800] "GET /global/scripts/utils.js HTTP/1.1" 304 -
fe80:0:0:0:41ab:2bc6:8f33:ee71%11 - - [17/Nov/2016:13:17:26 +0800] "GET /global/plugins/bootstrap/js/bootstrap.min.js HTTP/1.1" 304 -
fe80:0:0:0:41ab:2bc6:8f33:ee71%11 - - [17/Nov/2016:13:17:26 +0800] "GET /global/plugins/bootstrap-datepicker/js/locales/bootstrap-datepicker.zh-CN.js HTTP/1.1" 304 -
fe80:0:0:0:41ab:2bc6:8f33:ee71%11 - - [17/Nov/2016:13:17:26 +0800] "GET /global/plugins/bootstrap-datepicker/css/datepicker3.css HTTP/1.1" 304 -
fe80:0:0:0:41ab:2bc6:8f33:ee71%11 - - [17/Nov/2016:13:17:26 +0800] "GET /global/layout3/img/avatar2.jpg HTTP/1.1" 404 145
fe80:0:0:0:41ab:2bc6:8f33:ee71%11 - - [17/Nov/2016:13:17:26 +0800] "GET /global//layout3/img/avatar3.jpg HTTP/1.1" 404 146
fe80:0:0:0:41ab:2bc6:8f33:ee71%11 - - [17/Nov/2016:13:17:26 +0800] "GET /global/layout3/img/avatar1.jpg HTTP/1.1" 404 145
fe80:0:0:0:41ab:2bc6:8f33:ee71%11 - - [17/Nov/2016:13:17:26 +0800] "GET /global/layout3/img/avatar3.jpg HTTP/1.1" 404 145
fe80:0:0:0:41ab:2bc6:8f33:ee71%11 - - [17/Nov/2016:13:17:27 +0800] "GET /global/layout/img/logo.png HTTP/1.1" 304 -
fe80:0:0:0:41ab:2bc6:8f33:ee71%11 - - [17/Nov/2016:13:17:27 +0800] "GET /global/plugins/layer/skin/layer.css HTTP/1.1" 304 -
fe80:0:0:0:41ab:2bc6:8f33:ee71%11 - - [17/Nov/2016:13:17:27 +0800] "GET /global/layout3/img/avatar1.jpg HTTP/1.1" 404 145
fe80:0:0:0:41ab:2bc6:8f33:ee71%11 - - [17/Nov/2016:13:17:27 +0800] "GET /global/layout3/img/avatar3.jpg HTTP/1.1" 404 145
fe80:0:0:0:41ab:2bc6:8f33:ee71%11 - - [17/Nov/2016:13:17:27 +0800] "GET /global/layout3/img/avatar2.jpg HTTP/1.1" 404 145
fe80:0:0:0:41ab:2bc6:8f33:ee71%11 - - [17/Nov/2016:13:17:27 +0800] "GET /global//layout3/img/avatar3.jpg HTTP/1.1" 404 146
fe80:0:0:0:41ab:2bc6:8f33:ee71%11 - - [17/Nov/2016:13:17:27 +0800] "GET /global/layout/img/sidebar_inline_toggler_icon_default.jpg HTTP/1.1" 304 -
fe80:0:0:0:41ab:2bc6:8f33:ee71%11 - - [17/Nov/2016:13:17:27 +0800] "GET /global/layout/css/themes/grey.css HTTP/1.1" 304 -
fe80:0:0:0:41ab:2bc6:8f33:ee71%11 - - [17/Nov/2016:13:17:27 +0800] "POST /app/ztree HTTP/1.1" 200 -
fe80:0:0:0:41ab:2bc6:8f33:ee71%11 - - [17/Nov/2016:13:17:27 +0800] "GET /global/layout/img/sidebar_inline_toggler_icon_grey.jpg HTTP/1.1" 304 -
fe80:0:0:0:41ab:2bc6:8f33:ee71%11 - - [17/Nov/2016:13:17:45 +0800] "GET /admin/department HTTP/1.1" 200 17598
fe80:0:0:0:41ab:2bc6:8f33:ee71%11 - - [17/Nov/2016:13:17:45 +0800] "GET /global/layout3/img/avatar2.jpg HTTP/1.1" 404 145
fe80:0:0:0:41ab:2bc6:8f33:ee71%11 - - [17/Nov/2016:13:17:45 +0800] "GET /global/layout3/img/avatar3.jpg HTTP/1.1" 404 145
fe80:0:0:0:41ab:2bc6:8f33:ee71%11 - - [17/Nov/2016:13:17:45 +0800] "GET /global//layout3/img/avatar3.jpg HTTP/1.1" 404 146
fe80:0:0:0:41ab:2bc6:8f33:ee71%11 - - [17/Nov/2016:13:17:45 +0800] "GET /global/layout3/img/avatar1.jpg HTTP/1.1" 404 145
fe80:0:0:0:41ab:2bc6:8f33:ee71%11 - - [17/Nov/2016:13:17:45 +0800] "GET /global/scripts/admin/ugroup.js HTTP/1.1" 200 6272
fe80:0:0:0:41ab:2bc6:8f33:ee71%11 - - [17/Nov/2016:13:17:45 +0800] "GET /global/plugins/jquery.ztree.excheck.min.js HTTP/1.1" 200 11007
fe80:0:0:0:41ab:2bc6:8f33:ee71%11 - - [17/Nov/2016:13:17:45 +0800] "GET /global/layout3/img/avatar2.jpg HTTP/1.1" 404 145
fe80:0:0:0:41ab:2bc6:8f33:ee71%11 - - [17/Nov/2016:13:17:45 +0800] "POST /app/ztree HTTP/1.1" 200 -
fe80:0:0:0:41ab:2bc6:8f33:ee71%11 - - [17/Nov/2016:13:17:45 +0800] "POST /admin/getUgroups HTTP/1.1" 200 381
